build/app/outputs/mapping/release/seeds.txt
net.themedev.cleanly_dashboard.MainActivity
net.themedev.cleanly_dashboard.MainActivity: MainActivity()
...
io.flutter.view.AccessibilityBridge$Flag: io.flutter.view.AccessibilityBridge$Flag[] values()
io.flutter.view.AccessibilityViewEmbedder: void setFlutterNodeParent(android.view.accessibility.AccessibilityNodeInfo,android.view.View,android.view.accessibility.AccessibilityNodeInfo)
io.flutter.embedding.engine.FlutterJNI: FlutterJNI()
androidx.window.layout.WindowMetricsCalculatorCompat: android.graphics.Rect computeWindowBoundsIceCreamSandwich$window_release(android.app.Activity)
androidx.window.layout.SidecarCompat$TranslatingCallback: SidecarCompat$TranslatingCallback(androidx.window.layout.SidecarCompat)
kotlin.jvm.internal.TypeIntrinsics: TypeIntrinsics()
androidx.security.crypto.EncryptedSharedPreferences$PrefValueEncryptionScheme: androidx.security.crypto.EncryptedSharedPreferences$PrefValueEncryptionScheme valueOf(java.lang.String)
androidx.window.layout.WindowMetricsCalculator$Companion: WindowMetricsCalculator$Companion()
com.google.crypto.tink.proto.AesGcmSivKeyFormat$Builder: AesGcmSivKeyFormat$Builder()
androidx.window.embedding.MatcherUtils: boolean wildcardMatch(java.lang.String,java.lang.String)
kotlin.jvm.internal.CallableReference: java.lang.Object call(java.lang.Object[])
androidx.window.layout.SidecarCompat$FirstAttachAdapter: void onViewDetachedFromWindow(android.view.View)
io.flutter.embedding.engine.mutatorsstack.FlutterMutatorsStack$FlutterMutatorType: io.flutter.embedding.engine.mutatorsstack.FlutterMutatorsStack$FlutterMutatorType valueOf(java.lang.String)
androidx.window.java.layout.WindowInfoTrackerCallbackAdapter$addListener$1$1: java.lang.Object invoke(kotlinx.coroutines.CoroutineScope,kotlin.coroutines.Continuation)
androidx.window.core.Version: boolean equals(java.lang.Object)
com.google.crypto.tink.proto.KmsEnvelopeAeadKey: KmsEnvelopeAeadKey()
io.flutter.embedding.engine.FlutterJNI: void markTextureFrameAvailable(long)
io.flutter.view.FlutterCallbackInformation: io.flutter.view.FlutterCallbackInformation lookupCallbackInformation(long)
io.flutter.view.AccessibilityViewEmbedder: void addChildrenToFlutterNode(android.view.accessibility.AccessibilityNodeInfo,android.view.View,android.view.accessibility.AccessibilityNodeInfo)
androidx.window.embedding.ActivityRule: ActivityRule(java.util.Set,boolean,int,kotlin.jvm.internal.DefaultConstructorMarker)
com.google.crypto.tink.shaded.protobuf.Writer$FieldOrder: com.google.crypto.tink.shaded.protobuf.Writer$FieldOrder[] values()
androidx.window.core.Version: androidx.window.core.Version access$getVERSION_0_1$cp()
androidx.window.embedding.EmbeddingInterfaceCompat$EmbeddingCallbackInterface: void onSplitInfoChanged(java.util.List)
kotlinx.coroutines.android.AndroidDispatcherFactory: AndroidDispatcherFactory()
kotlin.jvm.internal.CallableReference: boolean isAbstract()
androidx.window.layout.WindowInfoTrackerImpl$windowLayoutInfo$1: java.lang.Object invoke(kotlinx.coroutines.flow.FlowCollector,kotlin.coroutines.Continuation)
androidx.window.R$attr: R$attr()
androidx.window.embedding.SplitInfo: int hashCode()
com.google.crypto.tink.proto.XChaCha20Poly1305Key: XChaCha20Poly1305Key()
io.flutter.plugin.editing.ImeSyncDeferringInsetsCallback: android.view.View access$402(io.flutter.plugin.editing.ImeSyncDeferringInsetsCallback,android.view.View)
androidx.window.layout.HardwareFoldingFeature: androidx.window.layout.FoldingFeature$OcclusionType getOcclusionType()
io.flutter.embedding.engine.FlutterJNI: void removeIsDisplayingFlutterUiListener(io.flutter.embedding.engine.renderer.FlutterUiDisplayListener)
androidx.window.embedding.ExtensionEmbeddingBackend$EmbeddingCallbackImpl: java.util.List getLastInfo()
com.google.crypto.tink.proto.Keyset: Keyset()
androidx.window.embedding.ExtensionEmbeddingBackend: java.util.concurrent.CopyOnWriteArrayList getSplitChangeCallbacks()
androidx.core.view.WindowInsetsCompat$Impl: boolean isRound()
io.flutter.embedding.engine.mutatorsstack.FlutterMutatorView: android.graphics.Matrix getPlatformViewMatrix()