build/app/outputs/mapping/release/mapping.txt
# compiler: R8
# compiler_version: 3.3.70
# min_api: 19
# common_typos_disable
# {"id":"com.android.tools.r8.mapping","version":"2.0"}
# pg_map_id: d21b67c
# pg_map_hash: SHA-256 d21b67c0b88c324eeffa9f0f3d2f937a334c5d97ac61a89104ecde3dc8253057
...
android.security.keystore.KeyGenParameterSpec -> android.security.keystore.KeyGenParameterSpec:
# {"id":"com.android.tools.r8.synthesized"}
    void <clinit>() -> <clinit>
      # {"id":"com.android.tools.r8.synthesized"}
    java.lang.String[] getBlockModes() -> getBlockModes
      # {"id":"com.android.tools.r8.synthesized"}
    java.lang.String[] getEncryptionPaddings() -> getEncryptionPaddings
      # {"id":"com.android.tools.r8.synthesized"}
    int getKeySize() -> getKeySize
      # {"id":"com.android.tools.r8.synthesized"}
    java.lang.String getKeystoreAlias() -> getKeystoreAlias
      # {"id":"com.android.tools.r8.synthesized"}
    int getPurposes() -> getPurposes
      # {"id":"com.android.tools.r8.synthesized"}
    int getUserAuthenticationValidityDurationSeconds() -> getUserAuthenticationValidityDurationSeconds
      # {"id":"com.android.tools.r8.synthesized"}
    boolean isUserAuthenticationRequired() -> isUserAuthenticationRequired
      # {"id":"com.android.tools.r8.synthesized"}
android.security.keystore.KeyGenParameterSpec$Builder -> android.security.keystore.KeyGenParameterSpec$Builder:
# {"id":"com.android.tools.r8.synthesized"}
    void <clinit>() -> <clinit>
      # {"id":"com.android.tools.r8.synthesized"}
    void <init>(java.lang.String,int) -> <init>
      # {"id":"com.android.tools.r8.synthesized"}
    android.security.keystore.KeyGenParameterSpec build() -> build
      # {"id":"com.android.tools.r8.synthesized"}
    android.security.keystore.KeyGenParameterSpec$Builder setBlockModes(java.lang.String[]) -> setBlockModes
      # {"id":"com.android.tools.r8.synthesized"}
    android.security.keystore.KeyGenParameterSpec$Builder setCertificateNotAfter(java.util.Date) -> setCertificateNotAfter
      # {"id":"com.android.tools.r8.synthesized"}
    android.security.keystore.KeyGenParameterSpec$Builder setCertificateNotBefore(java.util.Date) -> setCertificateNotBefore
      # {"id":"com.android.tools.r8.synthesized"}
    android.security.keystore.KeyGenParameterSpec$Builder setCertificateSerialNumber(java.math.BigInteger) -> setCertificateSerialNumber
      # {"id":"com.android.tools.r8.synthesized"}
    android.security.keystore.KeyGenParameterSpec$Builder setCertificateSubject(javax.security.auth.x500.X500Principal) -> setCertificateSubject
      # {"id":"com.android.tools.r8.synthesized"}
    android.security.keystore.KeyGenParameterSpec$Builder setDigests(java.lang.String[]) -> setDigests
      # {"id":"com.android.tools.r8.synthesized"}
android.text.style.TtsSpan$Builder -> android.text.style.TtsSpan$Builder:
# {"id":"com.android.tools.r8.synthesized"}
    void <clinit>() -> <clinit>
      # {"id":"com.android.tools.r8.synthesized"}
    void <init>(java.lang.String) -> <init>
      # {"id":"com.android.tools.r8.synthesized"}
    android.text.style.TtsSpan build() -> build
      # {"id":"com.android.tools.r8.synthesized"}
android.util.Size -> android.util.Size:
# {"id":"com.android.tools.r8.synthesized"}
    void <clinit>() -> <clinit>
      # {"id":"com.android.tools.r8.synthesized"}
    int getHeight() -> getHeight
      # {"id":"com.android.tools.r8.synthesized"}
    int getWidth() -> getWidth
      # {"id":"com.android.tools.r8.synthesized"}
android.view.DisplayCutout -> android.view.DisplayCutout:
# {"id":"com.android.tools.r8.synthesized"}
    void <clinit>() -> <clinit>
      # {"id":"com.android.tools.r8.synthesized"}
    java.util.List getBoundingRects() -> getBoundingRects
      # {"id":"com.android.tools.r8.synthesized"}
    int getSafeInsetBottom() -> getSafeInsetBottom
      # {"id":"com.android.tools.r8.synthesized"}
    int getSafeInsetLeft() -> getSafeInsetLeft
      # {"id":"com.android.tools.r8.synthesized"}
    int getSafeInsetRight() -> getSafeInsetRight
      # {"id":"com.android.tools.r8.synthesized"}
    int getSafeInsetTop() -> getSafeInsetTop
      # {"id":"com.android.tools.r8.synthesized"}