build/app/outputs/mapping/release/usage.txt
net.themedev.cleanly_dashboard.BuildConfig
net.themedev.cleanly_dashboard.R$attr
net.themedev.cleanly_dashboard.R$color
net.themedev.cleanly_dashboard.R$dimen
net.themedev.cleanly_dashboard.R$drawable
net.themedev.cleanly_dashboard.R$id
net.themedev.cleanly_dashboard.R$integer
net.themedev.cleanly_dashboard.R$layout
net.themedev.cleanly_dashboard.R$mipmap
net.themedev.cleanly_dashboard.R$string
net.themedev.cleanly_dashboard.R$style
net.themedev.cleanly_dashboard.R$styleable
net.themedev.cleanly_dashboard.R
...
androidx.core.view.ViewCompat$5
androidx.core.view.ViewCompat$AccessibilityPaneVisibilityManager:
    void addAccessibilityPane(android.view.View)
    void removeAccessibilityPane(android.view.View)
    private void unregisterForLayoutCallback(android.view.View)
androidx.core.view.ViewCompat$AccessibilityViewProperty:
    void <init>(int,java.lang.Class,int)
    boolean booleanNullToFalseEquals(java.lang.Boolean,java.lang.Boolean)
    abstract void frameworkSet(android.view.View,java.lang.Object)
    void set(android.view.View,java.lang.Object)
    boolean shouldUpdate(java.lang.Object,java.lang.Object)
androidx.core.view.ViewCompat$Api21Impl$1
androidx.core.view.ViewCompat$Api21Impl:
    private void <init>()
    static void callCompatInsetAnimationCallback(android.view.WindowInsets,android.view.View)
    static androidx.core.view.WindowInsetsCompat computeSystemWindowInsets(android.view.View,androidx.core.view.WindowInsetsCompat,android.graphics.Rect)
    static void setOnApplyWindowInsetsListener(android.view.View,androidx.core.view.OnApplyWindowInsetsListener)
androidx.core.view.ViewCompat$Api23Impl:
    private void <init>()
androidx.core.view.ViewCompat$Api29Impl
androidx.core.view.ViewCompat$Api30Impl
androidx.core.view.ViewCompat$CompatImplApi28$1
androidx.core.view.ViewCompat$CompatImplApi28
androidx.core.view.ViewCompat$FocusDirection
androidx.core.view.ViewCompat$FocusRealDirection
androidx.core.view.ViewCompat$FocusRelativeDirection
androidx.core.view.ViewCompat$NestedScrollType
androidx.core.view.ViewCompat$OnUnhandledKeyEventListenerCompat
androidx.core.view.ViewCompat$ScrollAxis
androidx.core.view.ViewCompat$ScrollIndicators
androidx.core.view.ViewCompat$UnhandledKeyEventManager
androidx.core.view.ViewCompat:
    public static final int ACCESSIBILITY_LIVE_REGION_ASSERTIVE
    public static final int ACCESSIBILITY_LIVE_REGION_NONE
    public static final int ACCESSIBILITY_LIVE_REGION_POLITE
    public static final int IMPORTANT_FOR_ACCESSIBILITY_AUTO
    public static final int IMPORTANT_FOR_ACCESSIBILITY_NO
    public static final int IMPORTANT_FOR_ACCESSIBILITY_NO_HIDE_DESCENDANTS
    public static final int IMPORTANT_FOR_ACCESSIBILITY_YES
    public static final int LAYER_TYPE_HARDWARE
    public static final int LAYER_TYPE_NONE
    public static final int LAYER_TYPE_SOFTWARE
    public static final int LAYOUT_DIRECTION_INHERIT
    public static final int LAYOUT_DIRECTION_LOCALE
    public static final int LAYOUT_DIRECTION_LTR
    public static final int LAYOUT_DIRECTION_RTL
    public static final int MEASURED_HEIGHT_STATE_SHIFT
    public static final int MEASURED_SIZE_MASK
    public static final int MEASURED_STATE_MASK
    public static final int MEASURED_STATE_TOO_SMALL
    public static final int OVER_SCROLL_ALWAYS
    public static final int OVER_SCROLL_IF_CONTENT_SCROLLS
    public static final int OVER_SCROLL_NEVER
    public static final int SCROLL_AXIS_HORIZONTAL
    public static final int SCROLL_AXIS_NONE
    public static final int SCROLL_AXIS_VERTICAL
    public static final int SCROLL_INDICATOR_BOTTOM
    public static final int SCROLL_INDICATOR_END
    public static final int SCROLL_INDICATOR_LEFT
androidx.core.view.ViewConfigurationCompat
androidx.core.view.ViewGroupCompat
androidx.core.view.ViewParentCompat
androidx.core.view.ViewPropertyAnimatorCompat$1
androidx.core.view.ViewPropertyAnimatorCompat$2
androidx.core.view.ViewPropertyAnimatorCompat$ViewPropertyAnimatorListenerApi14
androidx.core.view.ViewPropertyAnimatorCompat
androidx.core.view.ViewPropertyAnimatorListener
androidx.core.view.ViewPropertyAnimatorListenerAdapter
androidx.core.view.ViewPropertyAnimatorUpdateListener
androidx.core.view.WindowCompat$Impl16
androidx.core.view.WindowCompat$Impl30
androidx.core.view.WindowCompat
androidx.core.view.WindowInsetsAnimationCompat$BoundsCompat
androidx.core.view.WindowInsetsAnimationCompat$Callback$DispatchMode
androidx.core.view.WindowInsetsAnimationCompat$Callback